{"message":"SELECT COUNT(*) FROM `book`","context":{"context":"Database","part":"prepareAndFetchColumn","extra":null},"level":200,"level_name":"INFO","channel":"s613991c665a5d","datetime":"2021-09-09T06:30:59.646132+00:00","extra":{}}
{"message":"SELECT COUNT(*) FROM `category`","context":{"context":"Database","part":"prepareAndFetchColumn","extra":null},"level":200,"level_name":"INFO","channel":"s613991c665a5d","datetime":"2021-09-09T06:30:59.648398+00:00","extra":{}}
{"message":"SELECT COUNT(*) FROM `user`","context":{"context":"Database","part":"prepareAndFetchColumn","extra":null},"level":200,"level_name":"INFO","channel":"s613991c665a5d","datetime":"2021-09-09T06:30:59.650728+00:00","extra":{}}
{"message":"SELECT COUNT(*) FROM `book` WHERE 1=1","context":{"context":"Database","part":"prepareAndFetchColumn","extra":null},"level":200,"level_name":"INFO","channel":"s613991c665a5d","datetime":"2021-09-09T06:31:00.869676+00:00","extra":{}}
{"message":"SELECT `book`.`id`,`book`.`title`,`book`.`des`,`book`.`image` FROM `book` ","context":{"context":"Database","part":"prepareAndExecute","extra":null},"level":200,"level_name":"INFO","channel":"s613991c665a5d","datetime":"2021-09-09T06:31:00.870414+00:00","extra":{}}
{"message":"SELECT COUNT(*) FROM `book`","context":{"context":"Database","part":"prepareAndFetchColumn","extra":null},"level":200,"level_name":"INFO","channel":"s613991c665a5d","datetime":"2021-09-09T06:31:16.158286+00:00","extra":{}}
{"message":"SELECT COUNT(*) FROM `category`","context":{"context":"Database","part":"prepareAndFetchColumn","extra":null},"level":200,"level_name":"INFO","channel":"s613991c665a5d","datetime":"2021-09-09T06:31:16.160424+00:00","extra":{}}
{"message":"SELECT COUNT(*) FROM `user`","context":{"context":"Database","part":"prepareAndFetchColumn","extra":null},"level":200,"level_name":"INFO","channel":"s613991c665a5d","datetime":"2021-09-09T06:31:16.161630+00:00","extra":{}}
{"message":"SELECT COUNT(*) FROM `book`","context":{"context":"Database","part":"prepareAndFetchColumn","extra":null},"level":200,"level_name":"INFO","channel":"s613991c665a5d","datetime":"2021-09-09T06:31:22.942020+00:00","extra":{}}
{"message":"SELECT COUNT(*) FROM `category`","context":{"context":"Database","part":"prepareAndFetchColumn","extra":null},"level":200,"level_name":"INFO","channel":"s613991c665a5d","datetime":"2021-09-09T06:31:22.944211+00:00","extra":{}}
{"message":"SELECT COUNT(*) FROM `user`","context":{"context":"Database","part":"prepareAndFetchColumn","extra":null},"level":200,"level_name":"INFO","channel":"s613991c665a5d","datetime":"2021-09-09T06:31:22.945251+00:00","extra":{}}
{"message":"SELECT COUNT(*) FROM `book`","context":{"context":"Database","part":"prepareAndFetchColumn","extra":null},"level":200,"level_name":"INFO","channel":"s613991c665a5d","datetime":"2021-09-09T06:31:33.827483+00:00","extra":{}}
{"message":"SELECT COUNT(*) FROM `category`","context":{"context":"Database","part":"prepareAndFetchColumn","extra":null},"level":200,"level_name":"INFO","channel":"s613991c665a5d","datetime":"2021-09-09T06:31:33.829814+00:00","extra":{}}
{"message":"SELECT COUNT(*) FROM `user`","context":{"context":"Database","part":"prepareAndFetchColumn","extra":null},"level":200,"level_name":"INFO","channel":"s613991c665a5d","datetime":"2021-09-09T06:31:33.830939+00:00","extra":{}}
{"message":"Route found for /books/ : {\"controller\":\"controllers\\\\RestBookController\",\"action\":\"add\",\"mainParams\":null}","context":{"context":"Router","part":"getRouteUrlParts","extra":null},"level":200,"level_name":"INFO","channel":"s613991c665a5d","datetime":"2021-09-09T06:40:25.747553+00:00","extra":{}}
{"message":"This value is not valid string for the charset UTF-8","context":{"context":"Validation","part":null,"extra":null},"level":300,"level_name":"WARNING","channel":"s613991c665a5d","datetime":"2021-09-09T06:40:25.752320+00:00","extra":{}}
{"message":"Route found for /books/ : {\"controller\":\"controllers\\\\RestBookController\",\"action\":\"add\",\"mainParams\":null}","context":{"context":"Router","part":"getRouteUrlParts","extra":null},"level":200,"level_name":"INFO","channel":"s613991c665a5d","datetime":"2021-09-09T06:40:38.205179+00:00","extra":{}}
{"message":"This value is not valid string for the charset UTF-8","context":{"context":"Validation","part":null,"extra":null},"level":300,"level_name":"WARNING","channel":"s613991c665a5d","datetime":"2021-09-09T06:40:38.208161+00:00","extra":{}}
{"message":"Route found for /books/ : {\"controller\":\"controllers\\\\RestBookController\",\"action\":\"add\",\"mainParams\":null}","context":{"context":"Router","part":"getRouteUrlParts","extra":null},"level":200,"level_name":"INFO","channel":"s613991c665a5d","datetime":"2021-09-09T06:41:23.995580+00:00","extra":{}}
{"message":"This value is not valid string for the charset UTF-8","context":{"context":"Validation","part":null,"extra":null},"level":300,"level_name":"WARNING","channel":"s613991c665a5d","datetime":"2021-09-09T06:41:23.997848+00:00","extra":{}}
{"message":"Route found for /books/ : {\"controller\":\"controllers\\\\RestBookController\",\"action\":\"add\",\"mainParams\":null}","context":{"context":"Router","part":"getRouteUrlParts","extra":null},"level":200,"level_name":"INFO","channel":"s613991c665a5d","datetime":"2021-09-09T06:41:28.585480+00:00","extra":{}}
{"message":"This value is not valid string for the charset UTF-8","context":{"context":"Validation","part":null,"extra":null},"level":300,"level_name":"WARNING","channel":"s613991c665a5d","datetime":"2021-09-09T06:41:28.588686+00:00","extra":{}}
{"message":"Route found for /books/ : {\"controller\":\"controllers\\\\RestBookController\",\"action\":\"add\",\"mainParams\":null}","context":{"context":"Router","part":"getRouteUrlParts","extra":null},"level":200,"level_name":"INFO","channel":"s613991c665a5d","datetime":"2021-09-09T06:41:36.208940+00:00","extra":{}}
{"message":"This value is not valid string for the charset UTF-8","context":{"context":"Validation","part":null,"extra":null},"level":300,"level_name":"WARNING","channel":"s613991c665a5d","datetime":"2021-09-09T06:41:36.211588+00:00","extra":{}}
{"message":"INSERT INTO `book` (`title`,`des`,`image`) VALUES(:title,:des,:image)","context":{"context":"DAOUpdates","part":"insert","extra":null},"level":200,"level_name":"INFO","channel":"s613991c665a5d","datetime":"2021-09-09T06:41:36.215631+00:00","extra":{}}
{"message":"{\"title\":\"1232abc\",\"des\":\"123abc\",\"image\":null}","context":{"context":"DAOUpdates","part":"Key and values","extra":null},"level":200,"level_name":"INFO","channel":"s613991c665a5d","datetime":"2021-09-09T06:41:36.215757+00:00","extra":{}}
{"message":"Route found for /books/ : {\"controller\":\"controllers\\\\RestBookController\",\"action\":\"add\",\"mainParams\":null}","context":{"context":"Router","part":"getRouteUrlParts","extra":null},"level":200,"level_name":"INFO","channel":"s613991c665a5d","datetime":"2021-09-09T06:42:03.020971+00:00","extra":{}}
{"message":"This value is not valid string for the charset UTF-8","context":{"context":"Validation","part":null,"extra":null},"level":300,"level_name":"WARNING","channel":"s613991c665a5d","datetime":"2021-09-09T06:42:03.023298+00:00","extra":{}}
{"message":"INSERT INTO `book` (`title`,`des`,`image`) VALUES(:title,:des,:image)","context":{"context":"DAOUpdates","part":"insert","extra":null},"level":200,"level_name":"INFO","channel":"s613991c665a5d","datetime":"2021-09-09T06:42:03.027367+00:00","extra":{}}
{"message":"{\"title\":\"1232abc\",\"des\":\"123abc\",\"image\":null}","context":{"context":"DAOUpdates","part":"Key and values","extra":null},"level":200,"level_name":"INFO","channel":"s613991c665a5d","datetime":"2021-09-09T06:42:03.027574+00:00","extra":{}}
{"message":"Route found for /books/ : {\"controller\":\"controllers\\\\RestBookController\",\"action\":\"add\",\"mainParams\":null}","context":{"context":"Router","part":"getRouteUrlParts","extra":null},"level":200,"level_name":"INFO","channel":"s613991c665a5d","datetime":"2021-09-09T06:42:17.248760+00:00","extra":{}}
{"message":"SELECT `category`.`id`,`category`.`name`,`category`.`des` FROM `category`  WHERE `id`= ? limit 1","context":{"context":"Database","part":"prepareAndExecute","extra":[2]},"level":200,"level_name":"INFO","channel":"s613991c665a5d","datetime":"2021-09-09T06:42:17.254389+00:00","extra":{}}
{"message":"SELECT `book`.`id`,`book`.`title`,`book`.`des`,`book`.`image` FROM `book`  WHERE `category`= ?","context":{"context":"Database","part":"prepareAndExecute","extra":[2]},"level":200,"level_name":"INFO","channel":"s613991c665a5d","datetime":"2021-09-09T06:42:17.258586+00:00","extra":{}}
{"message":"This value is not valid string for the charset UTF-8","context":{"context":"Validation","part":null,"extra":null},"level":300,"level_name":"WARNING","channel":"s613991c665a5d","datetime":"2021-09-09T06:42:17.260606+00:00","extra":{}}
{"message":"INSERT INTO `book` (`title`,`des`,`image`,`category`) VALUES(:title,:des,:image,:category)","context":{"context":"DAOUpdates","part":"insert","extra":null},"level":200,"level_name":"INFO","channel":"s613991c665a5d","datetime":"2021-09-09T06:42:17.260757+00:00","extra":{}}
{"message":"{\"title\":\"1232abc\",\"des\":\"123abc\",\"image\":null,\"category\":\"2\"}","context":{"context":"DAOUpdates","part":"Key and values","extra":null},"level":200,"level_name":"INFO","channel":"s613991c665a5d","datetime":"2021-09-09T06:42:17.260799+00:00","extra":{}}
{"message":"Route found for /books/ : {\"controller\":\"controllers\\\\RestBookController\",\"action\":\"all\",\"mainParams\":null}","context":{"context":"Router","part":"getRouteUrlParts","extra":null},"level":200,"level_name":"INFO","channel":"s613991c665a5d","datetime":"2021-09-09T06:43:20.382277+00:00","extra":{}}
{"message":"SELECT `book`.`id`,`book`.`title`,`book`.`des`,`book`.`image` FROM `book`  WHERE 1=1","context":{"context":"Database","part":"prepareAndExecute","extra":null},"level":200,"level_name":"INFO","channel":"s613991c665a5d","datetime":"2021-09-09T06:43:20.388845+00:00","extra":{}}
